[00:02:45] [Server thread/INFO]: chat.type.advancement.task
[00:04:50] [Server thread/INFO]: chat.type.advancement.task
[00:05:25] [Server thread/INFO]: chat.type.advancement.task
[00:08:26] [Server thread/INFO]: No battle could be found with the id: 35c01e9d-a873-4d31-adbe-2ff7754553a3
[00:08:26] [Server thread/INFO]: No battle could be found with the id: 35c01e9d-a873-4d31-adbe-2ff7754553a3
[00:09:08] [Server thread/INFO]: chat.type.advancement.task
[00:10:50] [Server thread/INFO]: No battle could be found with the id: cca93b6b-ad64-48e4-9e72-c1f05984597e
[00:10:50] [Server thread/INFO]: No battle could be found with the id: cca93b6b-ad64-48e4-9e72-c1f05984597e
[00:11:02] [Server thread/INFO]: chat.type.advancement.task
[00:12:16] [Server thread/INFO]: No battle could be found with the id: 1af2c294-3a39-4e3a-b589-96f3d46a8c54
[00:12:16] [Server thread/INFO]: No battle could be found with the id: 1af2c294-3a39-4e3a-b589-96f3d46a8c54
[00:15:11] [Server thread/INFO]: chat.type.advancement.task
[00:15:40] [Server thread/INFO]: chat.type.advancement.task
[00:16:45] [Worker-Main-2/WARN]: Empty or non-existent pool: minecraft:ruins/forest_ruins_gate
[00:16:45] [Worker-Main-2/WARN]: Empty or non-existent pool: minecraft:ruins/forest_ruins_gate
[00:16:45] [Worker-Main-2/WARN]: Empty or non-existent pool: minecraft:ruins/forest_ruins_gate
[00:17:32] [Server thread/INFO]: chat.type.advancement.task
[00:18:28] [Server thread/INFO]: [Not Secure] chat.type.text
[00:20:06] [Server thread/INFO]: No battle could be found with the id: d6db3a86-f912-45f6-93a2-589c7a5fafeb
[00:20:06] [Server thread/INFO]: No battle could be found with the id: d6db3a86-f912-45f6-93a2-589c7a5fafeb
[00:21:09] [Server thread/INFO]: death.attack.mob
[00:23:23] [Server thread/INFO]: No battle could be found with the id: 25b6935b-5ef5-4373-ab7b-263fb16c23ae
[00:23:23] [Server thread/INFO]: No battle could be found with the id: 25b6935b-5ef5-4373-ab7b-263fb16c23ae
[00:23:39] [Server thread/INFO]: chat.type.advancement.task
[00:30:00] [Server thread/INFO]: chat.type.advancement.task
[00:30:45] [Server thread/INFO]: No battle could be found with the id: d3916019-50b1-4a10-a474-1c3a8f264a1c
[00:30:45] [Server thread/INFO]: No battle could be found with the id: d3916019-50b1-4a10-a474-1c3a8f264a1c
[00:34:46] [Server thread/INFO]: No battle could be found with the id: b6d9832f-429e-45b1-80a4-78149beee3b9
[00:34:46] [Server thread/INFO]: No battle could be found with the id: b6d9832f-429e-45b1-80a4-78149beee3b9
[00:35:27] [Server thread/INFO]: [Not Secure] chat.type.text
[00:35:52] [Server thread/INFO]: No battle could be found with the id: edc28936-4bfc-49bb-86fa-135c65410e55
[00:35:52] [Server thread/INFO]: No battle could be found with the id: edc28936-4bfc-49bb-86fa-135c65410e55
[00:38:28] [Server thread/INFO]: chat.type.advancement.task
[00:38:28] [Server thread/INFO]: chat.type.advancement.task
[00:39:19] [Server thread/INFO]: No battle could be found with the id: 5e283650-513a-4a57-8e10-e2bdb591a0ca
[00:39:19] [Server thread/INFO]: No battle could be found with the id: 5e283650-513a-4a57-8e10-e2bdb591a0ca
[00:40:48] [Server thread/INFO]: [Not Secure] chat.type.text
[00:40:51] [Server thread/INFO]: [Not Secure] chat.type.text
[00:40:54] [Server thread/INFO]: [Not Secure] chat.type.text
[00:41:03] [Server thread/INFO]: [Not Secure] chat.type.text
[00:41:05] [Server thread/INFO]: [Not Secure] chat.type.text
[00:42:15] [Server thread/INFO]: No battle could be found with the id: 59068f2f-2f39-439c-b43a-3c58e0bb99d7
[00:42:15] [Server thread/INFO]: No battle could be found with the id: 59068f2f-2f39-439c-b43a-3c58e0bb99d7
[00:42:52] [Server thread/INFO]: [Not Secure] chat.type.text
[00:43:02] [Server thread/INFO]: No battle could be found with the id: 95bbdefa-b327-4438-a8fe-1042d966f84f
[00:43:02] [Server thread/INFO]: No battle could be found with the id: 95bbdefa-b327-4438-a8fe-1042d966f84f
[00:43:21] [Server thread/INFO]: [Not Secure] chat.type.text
[00:43:42] [Server thread/INFO]: [Not Secure] chat.type.text
[00:44:28] [Server thread/INFO]: [Not Secure] chat.type.text
[00:44:30] [Server thread/INFO]: [Not Secure] chat.type.text
[00:44:35] [Server thread/INFO]: [Not Secure] chat.type.text
[00:45:01] [Server thread/INFO]: death.attack.mob
[00:45:06] [Server thread/INFO]: [Not Secure] chat.type.text
[00:45:08] [Server thread/INFO]: [Not Secure] chat.type.text
[00:45:14] [Server thread/INFO]: [Not Secure] chat.type.text
[00:45:20] [Server thread/INFO]: chat.type.admin
[00:45:39] [Server thread/INFO]: [Not Secure] chat.type.text
[00:45:47] [Server thread/INFO]: [Not Secure] chat.type.text
[00:46:16] [Server thread/INFO]: [Not Secure] chat.type.text
[00:46:42] [Server thread/INFO]: [Not Secure] chat.type.text
[00:47:27] [Server thread/INFO]: chat.type.admin
[00:47:43] [Server thread/INFO]: [Not Secure] chat.type.text
[00:47:59] [Server thread/INFO]: [Not Secure] chat.type.text
[00:48:21] [Server thread/INFO]: [Not Secure] chat.type.text
[00:48:32] [Server thread/INFO]: [Not Secure] chat.type.text
[00:48:40] [Server thread/INFO]: [Not Secure] chat.type.text
[00:48:44] [Server thread/INFO]: [Not Secure] chat.type.text
[00:48:52] [Server thread/INFO]: [Not Secure] chat.type.text
[00:48:54] [Server thread/INFO]: [Not Secure] chat.type.text
[00:49:48] [Server thread/INFO]: [Not Secure] chat.type.text
[00:50:31] [Server thread/INFO]: [Not Secure] chat.type.text
[00:50:49] [Server thread/INFO]: [Not Secure] chat.type.text
[00:50:58] [Server thread/INFO]: [Not Secure] chat.type.text
[00:51:11] [Server thread/INFO]: [Not Secure] chat.type.text
[00:51:13] [Server thread/INFO]: [Not Secure] chat.type.text
[00:53:10] [Server thread/INFO]: death.attack.onFire.player
[00:53:19] [Server thread/INFO]: chat.type.admin
[00:53:28] [Server thread/INFO]: chat.type.admin
[00:53:30] [Server thread/INFO]: death.fell.accident.generic
[00:53:39] [Server thread/INFO]: [Not Secure] chat.type.text
[00:53:46] [Server thread/INFO]: chat.type.admin
[00:53:51] [Server thread/INFO]: chat.type.admin
[00:54:18] [Server thread/INFO]: [Not Secure] chat.type.text
[00:54:36] [Server thread/INFO]: [Not Secure] chat.type.text
[00:54:46] [Server thread/INFO]: chat.type.admin
[00:54:58] [Server thread/INFO]: chat.type.admin
[00:54:58] [Server thread/INFO]: chat.type.admin
[00:55:20] [Server thread/INFO]: [Not Secure] chat.type.text
[00:56:29] [Server thread/INFO]: No battle could be found with the id: 536a6c94-bdaa-49d4-8c8d-68ee3db09925
[00:56:29] [Server thread/INFO]: No battle could be found with the id: 536a6c94-bdaa-49d4-8c8d-68ee3db09925
[00:56:30] [Server thread/INFO]: death.attack.mob
[00:56:47] [Server thread/INFO]: chat.type.admin
[00:57:02] [Server thread/INFO]: chat.type.admin
[00:57:12] [Server thread/INFO]: [Not Secure] chat.type.text
[00:57:27] [Server thread/INFO]: death.fell.assist
[00:57:32] [Server thread/INFO]: [Not Secure] chat.type.text
[00:57:38] [Server thread/INFO]: chat.type.admin
[00:57:46] [Server thread/INFO]: chat.type.admin
[00:58:26] [Server thread/INFO]: [Not Secure] chat.type.text
[00:58:34] [Server thread/INFO]: chat.type.admin
[00:58:47] [Server thread/INFO]: death.attack.mob
[00:59:11] [Server thread/INFO]: [Not Secure] chat.type.text
[00:59:20] [Server thread/INFO]: [Not Secure] chat.type.text
[00:59:33] [Server thread/INFO]: [Not Secure] chat.type.text
[00:59:50] [Server thread/INFO]: [Not Secure] chat.type.text
[00:59:53] [Server thread/INFO]: [Not Secure] chat.type.text
[01:00:23] [Server thread/INFO]: chat.type.advancement.task
[01:00:36] [Server thread/INFO]: death.fell.assist
[01:00:55] [Server thread/INFO]: death.attack.mob
[01:01:11] [Server thread/INFO]: death.attack.mob
[01:01:30] [Server thread/INFO]: death.attack.mob
[01:01:53] [Server thread/INFO]: chat.type.admin
[01:02:05] [Server thread/INFO]: [Not Secure] chat.type.text
[01:02:16] [Server thread/INFO]: [Not Secure] chat.type.text
[01:02:16] [Server thread/INFO]: [Not Secure] chat.type.text
[01:02:16] [Server thread/INFO]: [Not Secure] chat.type.text
[01:02:17] [Server thread/INFO]: [Not Secure] chat.type.text
[01:02:19] [Server thread/INFO]: [Not Secure] chat.type.text
[01:02:35] [Server thread/INFO]: [Not Secure] chat.type.text
[01:03:57] [Server thread/INFO]: [Not Secure] chat.type.text
[01:04:32] [Server thread/INFO]: [Not Secure] chat.type.text
[01:04:41] [Server thread/INFO]: [Not Secure] chat.type.text
[01:04:58] [Server thread/INFO]: No battle could be found with the id: a2afa1c6-f0b5-43a7-8a3b-7bea1bc3b71f
[01:04:58] [Server thread/INFO]: No battle could be found with the id: a2afa1c6-f0b5-43a7-8a3b-7bea1bc3b71f
[01:05:12] [Server thread/INFO]: [Not Secure] chat.type.text
[01:05:18] [Server thread/INFO]: [Not Secure] chat.type.text
[01:05:21] [Server thread/INFO]: [Not Secure] chat.type.text
[01:05:28] [Server thread/INFO]: [Not Secure] chat.type.text
[01:07:06] [Server thread/INFO]: No battle could be found with the id: 74f20b17-592b-4ea7-b4b5-0aa26d74fb69
[01:07:06] [Server thread/INFO]: No battle could be found with the id: 74f20b17-592b-4ea7-b4b5-0aa26d74fb69
[01:07:34] [Server thread/INFO]: No battle could be found with the id: 276cb0a9-6130-4148-9a00-17100481a2df
[01:07:34] [Server thread/INFO]: No battle could be found with the id: 276cb0a9-6130-4148-9a00-17100481a2df
[01:07:49] [Server thread/INFO]: [Not Secure] chat.type.text
[01:08:22] [Server thread/INFO]: [Not Secure] chat.type.text
[01:09:08] [Server thread/INFO]: [Not Secure] chat.type.text
[01:09:27] [Server thread/INFO]: [Not Secure] chat.type.text
[01:09:34] [Server thread/INFO]: chat.type.advancement.task
[01:09:42] [Server thread/INFO]: [Not Secure] chat.type.text
[01:10:19] [Worker-Main-3/WARN]: Empty or non-existent pool: minecraft:village/jungle/villagers
[01:10:19] [Worker-Main-3/WARN]: Empty or non-existent pool: minecraft:village/jungle/villagers
[01:10:19] [Worker-Main-3/WARN]: Empty or non-existent pool: minecraft:village/jungle/villagers
[01:11:01] [Server thread/WARN]: Tried to load a block entity for block Block{cobblemon:pc}[facing=west,on=false,part=top,waterlogged=false] but failed at location class_2338{x=1203, y=66, z=-1403}
[01:11:11] [Worker-Main-2/WARN]: Ignoring unknown attribute 'forge:step_height_addition'
[01:11:11] [Worker-Main-2/WARN]: Ignoring unknown attribute 'forge:entity_gravity'
[01:11:11] [Worker-Main-2/WARN]: Ignoring unknown attribute 'forge:step_height_addition'
[01:11:11] [Worker-Main-2/WARN]: Ignoring unknown attribute 'forge:entity_gravity'
[01:11:12] [Worker-Main-2/WARN]: Ignoring unknown attribute 'forge:step_height_addition'
[01:11:12] [Worker-Main-2/WARN]: Ignoring unknown attribute 'forge:entity_gravity'
[01:11:16] [Server thread/INFO]: No battle could be found with the id: 891828d7-079d-46ad-8284-d8d0b028c657
[01:11:16] [Server thread/INFO]: No battle could be found with the id: 891828d7-079d-46ad-8284-d8d0b028c657
[01:11:16] [Server thread/INFO]: chat.type.advancement.task
[01:11:21] [Server thread/INFO]: [Not Secure] chat.type.text
[01:12:02] [Server thread/INFO]: [Not Secure] chat.type.text
[01:12:16] [Worker-Main-3/WARN]: Empty or non-existent pool: minecraft:ruins/forest_ruins_gate
[01:12:16] [Worker-Main-3/WARN]: Empty or non-existent pool: minecraft:ruins/forest_ruins_gate
[01:12:16] [Worker-Main-3/WARN]: Empty or non-existent pool: minecraft:ruins/forest_ruins_gate
[01:12:42] [Server thread/INFO]: [Not Secure] chat.type.text
[01:13:12] [Server thread/INFO]: [Not Secure] chat.type.text
[01:13:42] [Server thread/INFO]: Villager class_1646['entity.minecraft.villager.nitwit'/66752, l='ServerLevel[world]', x=1260.55, y=70.00, z=-1420.30] died, message: 'death.attack.mob'
[01:15:16] [Server thread/INFO]: [Not Secure] chat.type.text
[01:15:42] [Server thread/INFO]: [Not Secure] chat.type.text
[01:17:34] [Server thread/INFO]: [Not Secure] chat.type.text
[01:17:34] [Server thread/INFO]: death.attack.mob
[01:17:39] [Server thread/INFO]: [Not Secure] chat.type.text
[01:17:52] [Server thread/INFO]: [Not Secure] chat.type.text
[01:18:02] [Server thread/INFO]: Villager class_1646['entity.minecraft.villager.none'/66594, l='ServerLevel[world]', x=1183.85, y=63.00, z=-1380.15] died, message: 'death.attack.mob'
[01:18:32] [Server thread/INFO]: Villager class_1646['entity.minecraft.villager.fisherman'/66370, l='ServerLevel[world]', x=1184.46, y=64.00, z=-1385.23] died, message: 'death.attack.mob'
[01:18:32] [Server thread/INFO]: [Not Secure] chat.type.text
[01:18:51] [Server thread/INFO]: Villager class_1646['entity.minecraft.villager.weaponsmith'/66595, l='ServerLevel[world]', x=1166.43, y=64.00, z=-1402.84] died, message: 'death.attack.mob'
[01:19:07] [Server thread/INFO]: [Not Secure] chat.type.text
[01:19:20] [Server thread/INFO]: chat.type.admin
[01:19:30] [Server thread/INFO]: [Not Secure] chat.type.text
[01:19:51] [Server thread/INFO]: [Not Secure] chat.type.text
[01:19:56] [Server thread/INFO]: [Not Secure] chat.type.text
[01:20:33] [Server thread/INFO]: [Not Secure] chat.type.text
[01:21:21] [Server thread/INFO]: chat.type.advancement.task
[01:22:13] [Server thread/INFO]: [Not Secure] chat.type.text
[01:22:27] [Server thread/INFO]: [Not Secure] chat.type.text
[01:22:30] [Server thread/INFO]: chat.type.advancement.task
[01:22:37] [Server thread/INFO]: [Not Secure] chat.type.text
[01:22:48] [Server thread/INFO]: [Not Secure] chat.type.text
[01:23:15] [Server thread/INFO]: chat.type.admin
[01:23:37] [Server thread/INFO]: [Not Secure] chat.type.text
[01:24:32] [Server thread/INFO]: chat.type.admin
[01:24:58] [Server thread/INFO]: [Not Secure] chat.type.text
[01:25:08] [Server thread/INFO]: No battle could be found with the id: 25e5e8c2-7ede-45a1-a105-6debccbabfd2
[01:25:08] [Server thread/INFO]: No battle could be found with the id: 25e5e8c2-7ede-45a1-a105-6debccbabfd2
[01:25:51] [Server thread/INFO]: [Not Secure] chat.type.text
[01:26:37] [Server thread/INFO]: [Not Secure] chat.type.text
[01:26:46] [Server thread/INFO]: chat.type.admin
[01:27:06] [Server thread/INFO]: chat.type.admin
[01:27:16] [Server thread/INFO]: [Not Secure] chat.type.text
[01:27:23] [Server thread/INFO]: [Not Secure] chat.type.text
[01:27:26] [Server thread/INFO]: [Not Secure] chat.type.text
[01:27:31] [Server thread/INFO]: [Not Secure] chat.type.text
[01:27:35] [Server thread/INFO]: [Not Secure] chat.type.text
[01:27:45] [Server thread/INFO]: [Not Secure] chat.type.text
[01:27:51] [Server thread/INFO]: [Not Secure] chat.type.text
[01:27:52] [Server thread/INFO]: [Not Secure] chat.type.text
[01:27:53] [Server thread/INFO]: [Not Secure] chat.type.text
[01:27:58] [Server thread/INFO]: [Not Secure] chat.type.text
[01:28:20] [Server thread/INFO]: chat.type.admin
[01:28:22] [Server thread/INFO]: [Not Secure] chat.type.text
[01:28:28] [Server thread/INFO]: [Not Secure] chat.type.text
[01:28:30] [Server thread/INFO]: [Not Secure] chat.type.text
[01:28:31] [Server thread/INFO]: [Not Secure] chat.type.text
[01:28:31] [Server thread/INFO]: [Not Secure] chat.type.text
[01:28:32] [Server thread/INFO]: Villager class_1646['entity.minecraft.villager.none'/74185, l='ServerLevel[world]', x=1238.30, y=67.88, z=-1379.46] died, message: 'death.attack.mob'
[01:28:35] [Server thread/INFO]: [Not Secure] chat.type.text
[01:28:35] [Server thread/INFO]: [Not Secure] chat.type.text
[01:28:37] [Server thread/INFO]: [Not Secure] chat.type.text
[01:28:50] [Server thread/INFO]: Villager class_1646['entity.minecraft.villager.weaponsmith'/74184, l='ServerLevel[world]', x=1234.58, y=67.00, z=-1369.70] died, message: 'death.attack.mob'
[01:28:57] [Server thread/INFO]: [Not Secure] chat.type.text
[01:29:01] [Server thread/INFO]: [Not Secure] chat.type.text
[01:29:09] [Server thread/INFO]: [Not Secure] chat.type.text
[01:29:52] [Server thread/WARN]: Tried to load a block entity for block Block{cobblemon:pc}[facing=north,on=false,part=top,waterlogged=false] but failed at location class_2338{x=1471, y=66, z=-1325}
[01:30:15] [Server thread/INFO]: [Not Secure] chat.type.text
[01:30:22] [Server thread/INFO]: [Not Secure] chat.type.text
[01:30:29] [Server thread/INFO]: [Not Secure] chat.type.text
[01:31:24] [Server thread/INFO]: [Not Secure] chat.type.text
[01:31:36] [Server thread/INFO]: chat.type.advancement.task
[01:31:40] [Server thread/INFO]: [Not Secure] chat.type.text
[01:31:40] [Server thread/INFO]: [Not Secure] chat.type.text
[01:31:43] [Server thread/INFO]: [Not Secure] chat.type.text
[01:31:53] [Server thread/INFO]: [Not Secure] chat.type.text
[01:31:55] [Server thread/INFO]: [Not Secure] chat.type.text
[01:31:56] [Server thread/INFO]: [Not Secure] chat.type.text
[01:32:00] [Server thread/INFO]: [Not Secure] chat.type.text
[01:32:05] [Server thread/INFO]: [Not Secure] chat.type.text
[01:32:07] [Server thread/INFO]: [Not Secure] chat.type.text
[01:32:09] [Server thread/INFO]: [Not Secure] chat.type.text
[01:32:13] [Server thread/INFO]: chat.type.admin
[01:32:19] [Server thread/INFO]: [Not Secure] chat.type.text
[01:32:22] [Server thread/INFO]: [Not Secure] chat.type.text
[01:32:28] [Server thread/INFO]: [Not Secure] chat.type.text
[01:32:39] [Server thread/INFO]: [Not Secure] chat.type.text
[01:32:46] [Server thread/INFO]: [Not Secure] chat.type.text
[01:32:48] [Server thread/INFO]: [Not Secure] chat.type.text
[01:32:51] [Server thread/INFO]: [Not Secure] chat.type.text
[01:32:51] [Server thread/INFO]: [Not Secure] chat.type.text
[01:32:56] [Server thread/INFO]: [Not Secure] chat.type.text
[01:32:58] [Server thread/INFO]: [Not Secure] chat.type.text
[01:33:11] [Server thread/INFO]: [Not Secure] chat.type.text
[01:33:12] [Server thread/INFO]: [Not Secure] chat.type.text
[01:33:23] [Server thread/INFO]: [Not Secure] chat.type.text
[01:33:27] [Server thread/INFO]: [Not Secure] chat.type.text
[01:33:39] [Server thread/INFO]: [Not Secure] chat.type.text
[01:33:42] [Server thread/INFO]: [Not Secure] chat.type.text
[01:33:45] [Server thread/INFO]: [Not Secure] chat.type.text
[01:33:47] [Server thread/INFO]: loivex lost connection: multiplayer.disconnect.generic
[01:33:47] [Server thread/INFO]: multiplayer.player.left
[01:33:50] [Server thread/INFO]: [Not Secure] chat.type.text
[01:33:58] [Server thread/INFO]: [Not Secure] chat.type.text
[01:34:00] [Server thread/INFO]: [Not Secure] chat.type.text
[01:34:09] [Server thread/INFO]: [Not Secure] chat.type.text
[01:34:43] [Server thread/INFO]: [Not Secure] chat.type.text
[01:34:55] [Server thread/INFO]: [Not Secure] chat.type.text
[01:35:16] [Server thread/INFO]: [Not Secure] chat.type.text
[01:36:05] [Server thread/INFO]: chat.type.admin
[01:36:34] [Server thread/INFO]: [Not Secure] chat.type.text
[01:36:45] [Server thread/INFO]: [Not Secure] chat.type.text
[01:36:58] [Server thread/INFO]: [Not Secure] chat.type.text
[01:36:59] [Server thread/INFO]: [Not Secure] chat.type.text
[01:37:06] [Server thread/INFO]: [Not Secure] chat.type.text
[01:37:08] [Server thread/INFO]: [Not Secure] chat.type.text
[01:37:13] [Server thread/INFO]: chat.type.admin
[01:37:22] [Server thread/INFO]: [Not Secure] chat.type.text
[01:38:51] [Server thread/INFO]: [Not Secure] chat.type.text
[01:38:54] [Server thread/INFO]: [Not Secure] chat.type.text
[01:39:24] [Server thread/INFO]: No battle could be found with the id: a98fca0b-c22a-491c-af3a-6eea3d55c56d
[01:39:24] [Server thread/INFO]: No battle could be found with the id: a98fca0b-c22a-491c-af3a-6eea3d55c56d
[01:39:32] [Server thread/INFO]: [Not Secure] chat.type.text
[01:39:37] [Server thread/INFO]: [Not Secure] chat.type.text
[01:39:55] [Server thread/INFO]: No battle could be found with the id: c8fd369b-5384-42ce-bd78-65fb27637cd6
[01:39:55] [Server thread/INFO]: No battle could be found with the id: c8fd369b-5384-42ce-bd78-65fb27637cd6
[01:40:33] [Server thread/INFO]: [Not Secure] chat.type.text
[01:40:35] [Server thread/INFO]: [Not Secure] chat.type.text
[01:41:17] [Server thread/INFO]: death.attack.mob
[01:41:19] [Server thread/INFO]: [Not Secure] chat.type.text
[01:42:04] [Server thread/INFO]: [Not Secure] chat.type.text
[01:42:25] [Server thread/INFO]: [Not Secure] chat.type.text
[01:42:42] [Server thread/INFO]: [Not Secure] chat.type.text
[01:44:15] [Server thread/INFO]: [Not Secure] chat.type.text
[01:45:04] [Server thread/INFO]: [Not Secure] chat.type.text
[01:45:49] [Server thread/INFO]: [Not Secure] chat.type.text
[01:46:03] [Server thread/INFO]: [Not Secure] chat.type.text
[01:47:07] [Server thread/INFO]: [Not Secure] chat.type.text
[01:48:15] [Server thread/INFO]: [Not Secure] chat.type.text
[01:48:29] [Server thread/INFO]: [Not Secure] chat.type.text
[01:48:46] [Server thread/INFO]: [Not Secure] chat.type.text
[01:49:00] [Server thread/INFO]: [Not Secure] chat.type.text
[01:50:09] [Server thread/INFO]: [Not Secure] chat.type.text
[01:50:10] [Server thread/INFO]: [Not Secure] chat.type.text
[01:50:26] [Server thread/INFO]: [Not Secure] chat.type.text
[01:50:42] [Server thread/INFO]: [Not Secure] chat.type.text
[01:51:00] [Server thread/INFO]: [Not Secure] chat.type.text
[01:51:06] [Server thread/INFO]: [Not Secure] chat.type.text
[01:51:08] [Server thread/INFO]: [Not Secure] chat.type.text
[01:51:20] [Server thread/INFO]: [Not Secure] chat.type.text
[01:51:36] [Server thread/INFO]: [Not Secure] chat.type.text
[01:51:50] [Server thread/INFO]: [Not Secure] chat.type.text
[01:52:55] [Server thread/INFO]: [Not Secure] chat.type.text
[01:53:14] [Server thread/INFO]: [Not Secure] chat.type.text
[01:55:31] [Server thread/INFO]: [Not Secure] chat.type.text
[01:56:00] [Server thread/INFO]: chat.type.advancement.goal
[01:56:11] [Server thread/INFO]: [Not Secure] chat.type.text
[01:56:17] [Server thread/INFO]: chat.type.advancement.task
[01:56:28] [Server thread/INFO]: [Not Secure] chat.type.text
[01:56:34] [Server thread/INFO]: [Not Secure] chat.type.text
[01:58:18] [Server thread/INFO]: [Not Secure] chat.type.text
[01:58:23] [Server thread/INFO]: [Not Secure] chat.type.text
[01:58:41] [Server thread/INFO]: [Not Secure] chat.type.text
[01:59:03] [Server thread/INFO]: loivex[/127.111.47.192:36387] logged in with entity id 87274 at (868.0666020850142, 64.0, -310.64458665016707)
[01:59:03] [Server thread/INFO]: multiplayer.player.joined
[01:59:36] [Server thread/INFO]: [Not Secure] chat.type.text
[01:59:49] [Server thread/INFO]: [Not Secure] chat.type.text
[01:59:51] [Server thread/INFO]: [Not Secure] chat.type.text
[01:59:57] [Server thread/INFO]: [Not Secure] chat.type.text
[02:00:26] [Server thread/INFO]: [Not Secure] chat.type.text
[02:01:29] [Server thread/INFO]: [Not Secure] chat.type.text
[02:01:35] [Server thread/INFO]: [Not Secure] chat.type.text
[02:01:38] [Server thread/INFO]: chat.type.advancement.task
[02:01:39] [Server thread/INFO]: [Not Secure] chat.type.text
[02:02:06] [Server thread/INFO]: [Not Secure] chat.type.text
[02:02:14] [Server thread/INFO]: [Not Secure] chat.type.text
[02:02:18] [Server thread/INFO]: [Not Secure] chat.type.text
[02:03:24] [Server thread/INFO]: death.attack.mob
[02:03:39] [Server thread/INFO]: [Not Secure] chat.type.text
[02:03:52] [Server thread/INFO]: No battle could be found with the id: e3bc978d-789d-4669-a173-e6f03757ab9a
[02:03:52] [Server thread/INFO]: No battle could be found with the id: e3bc978d-789d-4669-a173-e6f03757ab9a
[02:04:26] [Server thread/INFO]: chat.type.advancement.task
[02:04:34] [Server thread/INFO]: chat.type.admin
[02:05:36] [Server thread/INFO]: [Not Secure] chat.type.text
[02:06:21] [Server thread/INFO]: chat.type.advancement.task
[02:07:04] [Server thread/INFO]: [Not Secure] chat.type.text
[02:07:13] [Server thread/INFO]: chat.type.advancement.task
[02:09:00] [Server thread/INFO]: [Not Secure] chat.type.text
[02:09:14] [Server thread/INFO]: [Not Secure] chat.type.text
[02:09:15] [Server thread/INFO]: chat.type.advancement.task
[02:09:31] [Server thread/INFO]: [Not Secure] chat.type.text
[02:10:08] [Server thread/INFO]: chat.type.advancement.task
[02:10:20] [Server thread/INFO]: chat.type.advancement.task
[02:10:37] [Server thread/INFO]: [Not Secure] chat.type.text
[02:10:38] [Server thread/INFO]: chat.type.advancement.task
[02:11:01] [Server thread/INFO]: No battle could be found with the id: 16689f05-86c1-4e32-a949-712776b901e2
[02:11:01] [Server thread/INFO]: No battle could be found with the id: 16689f05-86c1-4e32-a949-712776b901e2
[02:11:32] [Server thread/INFO]: chat.type.advancement.task
[02:13:13] [Server thread/INFO]: No battle could be found with the id: d6930a98-d8f0-49c5-8773-4d1b1d693cbe
[02:13:13] [Server thread/INFO]: No battle could be found with the id: d6930a98-d8f0-49c5-8773-4d1b1d693cbe
[02:13:31] [Server thread/INFO]: [Not Secure] chat.type.text
[02:13:48] [Server thread/INFO]: [Not Secure] chat.type.text
[02:13:58] [Server thread/INFO]: [Not Secure] chat.type.text
[02:14:18] [Server thread/INFO]: [Not Secure] chat.type.text
[02:15:01] [Server thread/INFO]: chat.type.advancement.task
[02:15:40] [Server thread/INFO]: [Not Secure] chat.type.text
[02:15:42] [Server thread/INFO]: [Not Secure] chat.type.text
[02:15:50] [Server thread/INFO]: [Not Secure] chat.type.text
[02:16:03] [Server thread/INFO]: [Not Secure] chat.type.text
[02:18:01] [Server thread/INFO]: chat.type.advancement.task
[02:18:22] [Server thread/INFO]: [Not Secure] chat.type.text
[02:20:47] [Server thread/INFO]: Chayoton lost connection: multiplayer.disconnect.generic
[02:20:47] [Server thread/INFO]: multiplayer.player.left
[02:20:51] [Netty Epoll Server IO #5/INFO]: No battle could be found with the id: 6926df6f-ade3-4dd5-bec5-35eb7c89edde
[02:20:51] [Netty Epoll Server IO #5/INFO]: No battle could be found with the id: 6926df6f-ade3-4dd5-bec5-35eb7c89edde
[02:20:51] [Server thread/INFO]: PapiRicoJoker lost connection: multiplayer.disconnect.generic
[02:20:51] [Server thread/INFO]: multiplayer.player.left
[02:21:03] [Server thread/INFO]: loivex lost connection: multiplayer.disconnect.generic
[02:21:03] [Server thread/INFO]: multiplayer.player.left
[02:22:25] [Server thread/INFO]: commands.stop.stopping
[02:22:25] [Server thread/INFO]: Stopping server
[02:22:25] [Server thread/INFO]: Saving players
[02:22:25] [Server thread/INFO]: Saving worlds
[02:22:25] [Server thread/INFO]: Saving chunks for level 'ServerLevel[world]'/minecraft:overworld
[02:22:25] [Server thread/INFO]: Saving chunks for level 'ServerLevel[world]'/minecraft:the_nether
[02:22:25] [Server thread/INFO]: Saving chunks for level 'ServerLevel[world]'/minecraft:the_end
[02:22:25] [Server thread/INFO]: ThreadedAnvilChunkStorage (world): All chunks are saved
[02:22:25] [Server thread/INFO]: ThreadedAnvilChunkStorage (DIM-1): All chunks are saved
[02:22:25] [Server thread/INFO]: ThreadedAnvilChunkStorage (DIM1): All chunks are saved
[02:22:25] [Server thread/INFO]: ThreadedAnvilChunkStorage: All dimensions are saved
